<?xml version="1.0" encoding="UTF-8"?>
<testsuite name="kotlintranslation.AstroNavigationTests" tests="24" skipped="0" failures="0" errors="0" timestamp="2025-05-05T15:20:31.052Z" hostname="ARTEM_TELKOV_HP" time="0.245">
  <properties/>
  <testcase name="Latitude/Azimuth Test Case #1" classname="kotlintranslation.AstroNavigationTests" time="0.065"/>
  <testcase name="Latitude/Azimuth Test Case #2" classname="kotlintranslation.AstroNavigationTests" time="0.006"/>
  <testcase name="Latitude/Azimuth Test Case #3" classname="kotlintranslation.AstroNavigationTests" time="0.01"/>
  <testcase name="Latitude/Azimuth Test Case #4" classname="kotlintranslation.AstroNavigationTests" time="0.009"/>
  <testcase name="Latitude/Azimuth Test Case #5" classname="kotlintranslation.AstroNavigationTests" time="0.004"/>
  <testcase name="Latitude/Azimuth Test Case #6" classname="kotlintranslation.AstroNavigationTests" time="0.005"/>
  <testcase name="Latitude/Azimuth Test Case #7" classname="kotlintranslation.AstroNavigationTests" time="0.014"/>
  <testcase name="Latitude/Azimuth Test Case #8" classname="kotlintranslation.AstroNavigationTests" time="0.008"/>
  <testcase name="Latitude/Azimuth Test Case #9" classname="kotlintranslation.AstroNavigationTests" time="0.006"/>
  <testcase name="Latitude/Azimuth Test Case #10" classname="kotlintranslation.AstroNavigationTests" time="0.006"/>
  <testcase name="Latitude/Azimuth Test Case #11" classname="kotlintranslation.AstroNavigationTests" time="0.007"/>
  <testcase name="Latitude/Azimuth Test Case #12" classname="kotlintranslation.AstroNavigationTests" time="0.006"/>
  <testcase name="Longitude Test Case #1" classname="kotlintranslation.AstroNavigationTests" time="0.009"/>
  <testcase name="Longitude Test Case #2" classname="kotlintranslation.AstroNavigationTests" time="0.006"/>
  <testcase name="Longitude Test Case #3" classname="kotlintranslation.AstroNavigationTests" time="0.01"/>
  <testcase name="Longitude Test Case #4" classname="kotlintranslation.AstroNavigationTests" time="0.007"/>
  <testcase name="Longitude Test Case #5" classname="kotlintranslation.AstroNavigationTests" time="0.005"/>
  <testcase name="Longitude Test Case #6" classname="kotlintranslation.AstroNavigationTests" time="0.005"/>
  <testcase name="Longitude Test Case #7" classname="kotlintranslation.AstroNavigationTests" time="0.006"/>
  <testcase name="Longitude Test Case #8" classname="kotlintranslation.AstroNavigationTests" time="0.005"/>
  <testcase name="Longitude Test Case #9" classname="kotlintranslation.AstroNavigationTests" time="0.005"/>
  <testcase name="Longitude Test Case #10" classname="kotlintranslation.AstroNavigationTests" time="0.004"/>
  <testcase name="Longitude Test Case #11" classname="kotlintranslation.AstroNavigationTests" time="0.005"/>
  <testcase name="Longitude Test Case #12" classname="kotlintranslation.AstroNavigationTests" time="0.004"/>
  <system-out><![CDATA[Latitude error: 0.031578116392665834 deg
Azimuth error: 0.09619923839613875 deg
Latitude error: 0.1643163025171006 deg
Azimuth error: 0.3096045108757721 deg
Latitude error: 0.1624167154541709 deg
Azimuth error: 0.13441339302028155 deg
Latitude error: 1.9862244449672701 deg
Azimuth error: 0.39546092986521586 deg
Latitude error: 1.0381077387055981 deg
Azimuth error: 1.0751611049915013 deg
Latitude error: 0.1451579043684461 deg
Azimuth error: 0.0781883296260446 deg
Latitude error: 0.3048129548848948 deg
Azimuth error: 0.03817839214238461 deg
Latitude error: 0.10513740808627148 deg
Azimuth error: 0.0033435372366739102 deg
Latitude error: 0.20353936622523605 deg
Azimuth error: 0.060172419656751686 deg
Latitude error: 0.20353936622523605 deg
Azimuth error: 0.060172419656751686 deg
Latitude error: 0.059031134769071514 deg
Azimuth error: 0.8455969383273896 deg
Latitude error: 0.351816963044314 deg
Azimuth error: 0.04758053980047805 deg
Longitude error: 1.4261715381888997 deg
Longitude error: 1.231190551497221 deg
Longitude error: 0.8991329432160402 deg
Longitude error: 0.514076505469717 deg
Longitude error: 1.8123040238296326 deg
Longitude error: 0.9528875351719943 deg
Longitude error: 1.0716072674099912 deg
Longitude error: 0.7650280725816714 deg
Longitude error: 0.7876450336274843 deg
Longitude error: 0.7876450336274843 deg
Longitude error: 0.6117005107499551 deg
Longitude error: 1.2919295770432342 deg
]]></system-out>
  <system-err><![CDATA[]]></system-err>
</testsuite>
